2014-03-22 20:40:01,716 - Trying to use logger class org.apache.velocity.runtime.log.Log4JLogChute
2014-03-22 20:40:01,716 - Using logger class org.apache.velocity.runtime.log.Log4JLogChute
2014-03-22 20:40:01,716 - Default ResourceManager initializing. (class org.apache.velocity.runtime.resource.ResourceManagerImpl)
2014-03-22 20:40:01,716 - ResourceLoader instantiated: org.apache.velocity.runtime.resource.loader.FileResourceLoader
2014-03-22 20:40:01,716 - Do unicode file recognition:  false
2014-03-22 20:40:01,716 - FileResourceLoader : adding path '.'
2014-03-22 20:40:01,716 - ResourceCache: initialized (class org.apache.velocity.runtime.resource.ResourceCacheImpl)
2014-03-22 20:40:01,716 - Loaded System Directive: org.apache.velocity.runtime.directive.Literal
2014-03-22 20:40:01,717 - Loaded System Directive: org.apache.velocity.runtime.directive.Macro
2014-03-22 20:40:01,717 - Loaded System Directive: org.apache.velocity.runtime.directive.Parse
2014-03-22 20:40:01,717 - Loaded System Directive: org.apache.velocity.runtime.directive.Include
2014-03-22 20:40:01,717 - Loaded System Directive: org.apache.velocity.runtime.directive.Foreach
2014-03-22 20:40:01,718 - Created '20' parsers.
2014-03-22 20:40:01,718 - Velocimacro : "velocimacro.library" is not set.  Trying default library: VM_global_library.vm
2014-03-22 20:40:01,718 - Velocimacro : Default library not found.
2014-03-22 20:40:01,718 - Velocimacro : allowInline = true : VMs can be defined inline in templates
2014-03-22 20:40:01,718 - Velocimacro : allowInlineToOverride = false : VMs defined inline may NOT replace previous VM definitions
2014-03-22 20:40:01,718 - Velocimacro : allowInlineLocal = false : VMs defined inline will be global in scope if allowed.
2014-03-22 20:40:01,718 - Velocimacro : autoload off : VM system will not automatically reload global library macros
2014-03-30 21:33:00,895 - Log4JLogChute initialized using file 'velocity.log'
2014-03-30 21:33:00,897 - Starting Apache Velocity v1.5 (compiled: 2007-02-22 08:52:29)
2014-03-30 21:33:00,898 - Default Properties File: org/apache/velocity/runtime/defaults/velocity.properties
2014-03-30 21:33:00,898 - Trying to use logger class org.apache.velocity.runtime.log.AvalonLogChute
2014-03-30 21:33:00,899 - Couldn't find class org.apache.velocity.runtime.log.AvalonLogChute or necessary supporting classes in classpath.
java.lang.NoClassDefFoundError: org/apache/log/format/Formatter
	at java.lang.Class.forName0(Native Method)
	at java.lang.Class.forName(Class.java:249)
	at org.apache.velocity.util.ClassUtils.getClass(ClassUtils.java:63)
	at org.apache.velocity.util.ClassUtils.getNewInstance(ClassUtils.java:95)
	at org.apache.velocity.runtime.log.LogManager.createLogChute(LogManager.java:147)
	at org.apache.velocity.runtime.log.LogManager.updateLog(LogManager.java:208)
	at org.apache.velocity.runtime.RuntimeInstance.initializeLog(RuntimeInstance.java:728)
	at org.apache.velocity.runtime.RuntimeInstance.init(RuntimeInstance.java:240)
	at org.apache.velocity.runtime.RuntimeInstance.init(RuntimeInstance.java:534)
	at org.apache.velocity.app.VelocityEngine.init(VelocityEngine.java:144)
	at com.amazonaws.mturk.addon.HITQuestion.<init>(HITQuestion.java:69)
	at com.amazonaws.mturk.cmd.LoadHITs.loadHITs(LoadHITs.java:185)
	at com.amazonaws.mturk.cmd.LoadHITs.runCommand(LoadHITs.java:120)
	at com.amazonaws.mturk.cmd.AbstractCmd.run(AbstractCmd.java:148)
	at com.amazonaws.mturk.cmd.LoadHITs.main(LoadHITs.java:55)
Caused by: java.lang.ClassNotFoundException: org.apache.log.format.Formatter
	at java.net.URLClassLoader$1.run(URLClassLoader.java:202)
	at java.security.AccessController.doPrivileged(Native Method)
	at java.net.URLClassLoader.findClass(URLClassLoader.java:190)
	at java.lang.ClassLoader.loadClass(ClassLoader.java:306)
	at sun.misc.Launcher$AppClassLoader.loadClass(Launcher.java:301)
	at java.lang.ClassLoader.loadClass(ClassLoader.java:247)
	... 15 more
2014-03-30 21:33:00,900 - Trying to use logger class org.apache.velocity.runtime.log.Log4JLogChute
2014-03-30 21:33:00,900 - Using logger class org.apache.velocity.runtime.log.Log4JLogChute
2014-03-30 21:33:00,903 - Default ResourceManager initializing. (class org.apache.velocity.runtime.resource.ResourceManagerImpl)
2014-03-30 21:33:00,908 - ResourceLoader instantiated: org.apache.velocity.runtime.resource.loader.FileResourceLoader
2014-03-30 21:33:00,909 - Do unicode file recognition:  false
2014-03-30 21:33:00,909 - FileResourceLoader : adding path '../samples/best_image'
2014-03-30 21:33:00,928 - ResourceCache: initialized (class org.apache.velocity.runtime.resource.ResourceCacheImpl)
2014-03-30 21:33:00,929 - Loaded System Directive: org.apache.velocity.runtime.directive.Literal
2014-03-30 21:33:00,931 - Loaded System Directive: org.apache.velocity.runtime.directive.Macro
2014-03-30 21:33:00,933 - Loaded System Directive: org.apache.velocity.runtime.directive.Parse
2014-03-30 21:33:00,934 - Loaded System Directive: org.apache.velocity.runtime.directive.Include
2014-03-30 21:33:00,935 - Loaded System Directive: org.apache.velocity.runtime.directive.Foreach
2014-03-30 21:33:00,963 - Created '20' parsers.
2014-03-30 21:33:00,968 - Velocimacro : "velocimacro.library" is not set.  Trying default library: VM_global_library.vm
2014-03-30 21:33:00,968 - Velocimacro : Default library not found.
2014-03-30 21:33:00,969 - Velocimacro : allowInline = true : VMs can be defined inline in templates
2014-03-30 21:33:00,969 - Velocimacro : allowInlineToOverride = false : VMs defined inline may NOT replace previous VM definitions
2014-03-30 21:33:00,969 - Velocimacro : allowInlineLocal = false : VMs defined inline will be global in scope if allowed.
2014-03-30 21:33:00,969 - Velocimacro : autoload off : VM system will not automatically reload global library macros
2014-03-30 21:33:00,978 - ResourceManager : found best_image.question with loader org.apache.velocity.runtime.resource.loader.FileResourceLoader
2014-03-30 21:33:00,990 - Log4JLogChute initialized using file 'velocity.log'
2014-03-30 21:33:00,990 - Log4JLogChute initialized using file 'velocity.log'
2014-03-30 21:33:00,990 - Starting Apache Velocity v1.5 (compiled: 2007-02-22 08:52:29)
2014-03-30 21:33:00,990 - Starting Apache Velocity v1.5 (compiled: 2007-02-22 08:52:29)
2014-03-30 21:33:00,990 - Default Properties File: org/apache/velocity/runtime/defaults/velocity.properties
2014-03-30 21:33:00,990 - Default Properties File: org/apache/velocity/runtime/defaults/velocity.properties
2014-03-30 21:33:00,990 - Trying to use logger class org.apache.velocity.runtime.log.AvalonLogChute
2014-03-30 21:33:00,990 - Trying to use logger class org.apache.velocity.runtime.log.AvalonLogChute
2014-03-30 21:33:00,990 - Couldn't find class org.apache.velocity.runtime.log.AvalonLogChute or necessary supporting classes in classpath.
java.lang.NoClassDefFoundError: org/apache/log/format/Formatter
	at java.lang.Class.forName0(Native Method)
	at java.lang.Class.forName(Class.java:249)
	at org.apache.velocity.util.ClassUtils.getClass(ClassUtils.java:63)
	at org.apache.velocity.util.ClassUtils.getNewInstance(ClassUtils.java:95)
	at org.apache.velocity.runtime.log.LogManager.createLogChute(LogManager.java:147)
	at org.apache.velocity.runtime.log.LogManager.updateLog(LogManager.java:208)
	at org.apache.velocity.runtime.RuntimeInstance.initializeLog(RuntimeInstance.java:728)
	at org.apache.velocity.runtime.RuntimeInstance.init(RuntimeInstance.java:240)
	at org.apache.velocity.runtime.RuntimeSingleton.init(RuntimeSingleton.java:113)
	at org.apache.velocity.app.Velocity.init(Velocity.java:83)
	at com.amazonaws.mturk.util.VelocityUtil.doMerge(VelocityUtil.java:34)
	at com.amazonaws.mturk.addon.HITProperties.getMaxAssignments(HITProperties.java:268)
	at com.amazonaws.mturk.cmd.LoadHITs.loadHITs(LoadHITs.java:226)
	at com.amazonaws.mturk.cmd.LoadHITs.runCommand(LoadHITs.java:120)
	at com.amazonaws.mturk.cmd.AbstractCmd.run(AbstractCmd.java:148)
	at com.amazonaws.mturk.cmd.LoadHITs.main(LoadHITs.java:55)
Caused by: java.lang.ClassNotFoundException: org.apache.log.format.Formatter
	at java.net.URLClassLoader$1.run(URLClassLoader.java:202)
	at java.security.AccessController.doPrivileged(Native Method)
	at java.net.URLClassLoader.findClass(URLClassLoader.java:190)
	at java.lang.ClassLoader.loadClass(ClassLoader.java:306)
	at sun.misc.Launcher$AppClassLoader.loadClass(Launcher.java:301)
	at java.lang.ClassLoader.loadClass(ClassLoader.java:247)
	... 16 more
2014-03-30 21:33:00,990 - Couldn't find class org.apache.velocity.runtime.log.AvalonLogChute or necessary supporting classes in classpath.
java.lang.NoClassDefFoundError: org/apache/log/format/Formatter
	at java.lang.Class.forName0(Native Method)
	at java.lang.Class.forName(Class.java:249)
	at org.apache.velocity.util.ClassUtils.getClass(ClassUtils.java:63)
	at org.apache.velocity.util.ClassUtils.getNewInstance(ClassUtils.java:95)
	at org.apache.velocity.runtime.log.LogManager.createLogChute(LogManager.java:147)
	at org.apache.velocity.runtime.log.LogManager.updateLog(LogManager.java:208)
	at org.apache.velocity.runtime.RuntimeInstance.initializeLog(RuntimeInstance.java:728)
	at org.apache.velocity.runtime.RuntimeInstance.init(RuntimeInstance.java:240)
	at org.apache.velocity.runtime.RuntimeSingleton.init(RuntimeSingleton.java:113)
	at org.apache.velocity.app.Velocity.init(Velocity.java:83)
	at com.amazonaws.mturk.util.VelocityUtil.doMerge(VelocityUtil.java:34)
	at com.amazonaws.mturk.addon.HITProperties.getMaxAssignments(HITProperties.java:268)
	at com.amazonaws.mturk.cmd.LoadHITs.loadHITs(LoadHITs.java:226)
	at com.amazonaws.mturk.cmd.LoadHITs.runCommand(LoadHITs.java:120)
	at com.amazonaws.mturk.cmd.AbstractCmd.run(AbstractCmd.java:148)
	at com.amazonaws.mturk.cmd.LoadHITs.main(LoadHITs.java:55)
Caused by: java.lang.ClassNotFoundException: org.apache.log.format.Formatter
	at java.net.URLClassLoader$1.run(URLClassLoader.java:202)
	at java.security.AccessController.doPrivileged(Native Method)
	at java.net.URLClassLoader.findClass(URLClassLoader.java:190)
	at java.lang.ClassLoader.loadClass(ClassLoader.java:306)
	at sun.misc.Launcher$AppClassLoader.loadClass(Launcher.java:301)
	at java.lang.ClassLoader.loadClass(ClassLoader.java:247)
	... 16 more
2014-03-30 21:33:00,991 - Trying to use logger class org.apache.velocity.runtime.log.Log4JLogChute
2014-03-30 21:33:00,991 - Trying to use logger class org.apache.velocity.runtime.log.Log4JLogChute
2014-03-30 21:33:00,991 - Using logger class org.apache.velocity.runtime.log.Log4JLogChute
2014-03-30 21:33:00,991 - Using logger class org.apache.velocity.runtime.log.Log4JLogChute
2014-03-30 21:33:00,991 - Default ResourceManager initializing. (class org.apache.velocity.runtime.resource.ResourceManagerImpl)
2014-03-30 21:33:00,991 - Default ResourceManager initializing. (class org.apache.velocity.runtime.resource.ResourceManagerImpl)
2014-03-30 21:33:00,991 - ResourceLoader instantiated: org.apache.velocity.runtime.resource.loader.FileResourceLoader
2014-03-30 21:33:00,991 - ResourceLoader instantiated: org.apache.velocity.runtime.resource.loader.FileResourceLoader
2014-03-30 21:33:00,991 - Do unicode file recognition:  false
2014-03-30 21:33:00,991 - Do unicode file recognition:  false
2014-03-30 21:33:00,991 - FileResourceLoader : adding path '.'
2014-03-30 21:33:00,991 - FileResourceLoader : adding path '.'
2014-03-30 21:33:00,991 - ResourceCache: initialized (class org.apache.velocity.runtime.resource.ResourceCacheImpl)
2014-03-30 21:33:00,991 - ResourceCache: initialized (class org.apache.velocity.runtime.resource.ResourceCacheImpl)
2014-03-30 21:33:00,992 - Loaded System Directive: org.apache.velocity.runtime.directive.Literal
2014-03-30 21:33:00,992 - Loaded System Directive: org.apache.velocity.runtime.directive.Literal
2014-03-30 21:33:00,992 - Loaded System Directive: org.apache.velocity.runtime.directive.Macro
2014-03-30 21:33:00,992 - Loaded System Directive: org.apache.velocity.runtime.directive.Macro
2014-03-30 21:33:00,992 - Loaded System Directive: org.apache.velocity.runtime.directive.Parse
2014-03-30 21:33:00,992 - Loaded System Directive: org.apache.velocity.runtime.directive.Parse
2014-03-30 21:33:00,992 - Loaded System Directive: org.apache.velocity.runtime.directive.Include
2014-03-30 21:33:00,992 - Loaded System Directive: org.apache.velocity.runtime.directive.Include
2014-03-30 21:33:00,992 - Loaded System Directive: org.apache.velocity.runtime.directive.Foreach
2014-03-30 21:33:00,992 - Loaded System Directive: org.apache.velocity.runtime.directive.Foreach
2014-03-30 21:33:00,994 - Created '20' parsers.
2014-03-30 21:33:00,994 - Created '20' parsers.
2014-03-30 21:33:00,994 - Velocimacro : "velocimacro.library" is not set.  Trying default library: VM_global_library.vm
2014-03-30 21:33:00,994 - Velocimacro : "velocimacro.library" is not set.  Trying default library: VM_global_library.vm
2014-03-30 21:33:00,994 - Velocimacro : Default library not found.
2014-03-30 21:33:00,994 - Velocimacro : Default library not found.
2014-03-30 21:33:00,994 - Velocimacro : allowInline = true : VMs can be defined inline in templates
2014-03-30 21:33:00,994 - Velocimacro : allowInline = true : VMs can be defined inline in templates
2014-03-30 21:33:00,994 - Velocimacro : allowInlineToOverride = false : VMs defined inline may NOT replace previous VM definitions
2014-03-30 21:33:00,994 - Velocimacro : allowInlineToOverride = false : VMs defined inline may NOT replace previous VM definitions
2014-03-30 21:33:00,994 - Velocimacro : allowInlineLocal = false : VMs defined inline will be global in scope if allowed.
2014-03-30 21:33:00,994 - Velocimacro : allowInlineLocal = false : VMs defined inline will be global in scope if allowed.
2014-03-30 21:33:00,994 - Velocimacro : autoload off : VM system will not automatically reload global library macros
2014-03-30 21:33:00,994 - Velocimacro : autoload off : VM system will not automatically reload global library macros
2014-03-30 22:18:56,845 - Log4JLogChute initialized using file 'velocity.log'
2014-03-30 22:18:56,846 - Starting Apache Velocity v1.5 (compiled: 2007-02-22 08:52:29)
2014-03-30 22:18:56,846 - Default Properties File: org/apache/velocity/runtime/defaults/velocity.properties
2014-03-30 22:18:56,846 - Trying to use logger class org.apache.velocity.runtime.log.AvalonLogChute
2014-03-30 22:18:56,847 - Couldn't find class org.apache.velocity.runtime.log.AvalonLogChute or necessary supporting classes in classpath.
java.lang.NoClassDefFoundError: org/apache/log/format/Formatter
	at java.lang.Class.forName0(Native Method)
	at java.lang.Class.forName(Class.java:249)
	at org.apache.velocity.util.ClassUtils.getClass(ClassUtils.java:63)
	at org.apache.velocity.util.ClassUtils.getNewInstance(ClassUtils.java:95)
	at org.apache.velocity.runtime.log.LogManager.createLogChute(LogManager.java:147)
	at org.apache.velocity.runtime.log.LogManager.updateLog(LogManager.java:208)
	at org.apache.velocity.runtime.RuntimeInstance.initializeLog(RuntimeInstance.java:728)
	at org.apache.velocity.runtime.RuntimeInstance.init(RuntimeInstance.java:240)
	at org.apache.velocity.runtime.RuntimeInstance.init(RuntimeInstance.java:534)
	at org.apache.velocity.app.VelocityEngine.init(VelocityEngine.java:144)
	at com.amazonaws.mturk.addon.HITQuestion.<init>(HITQuestion.java:69)
	at com.amazonaws.mturk.cmd.LoadHITs.loadHITs(LoadHITs.java:185)
	at com.amazonaws.mturk.cmd.LoadHITs.runCommand(LoadHITs.java:120)
	at com.amazonaws.mturk.cmd.AbstractCmd.run(AbstractCmd.java:148)
	at com.amazonaws.mturk.cmd.LoadHITs.main(LoadHITs.java:55)
Caused by: java.lang.ClassNotFoundException: org.apache.log.format.Formatter
	at java.net.URLClassLoader$1.run(URLClassLoader.java:202)
	at java.security.AccessController.doPrivileged(Native Method)
	at java.net.URLClassLoader.findClass(URLClassLoader.java:190)
	at java.lang.ClassLoader.loadClass(ClassLoader.java:306)
	at sun.misc.Launcher$AppClassLoader.loadClass(Launcher.java:301)
	at java.lang.ClassLoader.loadClass(ClassLoader.java:247)
	... 15 more
2014-03-30 22:18:56,847 - Trying to use logger class org.apache.velocity.runtime.log.Log4JLogChute
2014-03-30 22:18:56,847 - Using logger class org.apache.velocity.runtime.log.Log4JLogChute
2014-03-30 22:18:56,850 - Default ResourceManager initializing. (class org.apache.velocity.runtime.resource.ResourceManagerImpl)
2014-03-30 22:18:56,855 - ResourceLoader instantiated: org.apache.velocity.runtime.resource.loader.FileResourceLoader
2014-03-30 22:18:56,856 - Do unicode file recognition:  false
2014-03-30 22:18:56,856 - FileResourceLoader : adding path '../samples/best_image'
2014-03-30 22:18:56,873 - ResourceCache: initialized (class org.apache.velocity.runtime.resource.ResourceCacheImpl)
2014-03-30 22:18:56,874 - Loaded System Directive: org.apache.velocity.runtime.directive.Literal
2014-03-30 22:18:56,876 - Loaded System Directive: org.apache.velocity.runtime.directive.Macro
2014-03-30 22:18:56,878 - Loaded System Directive: org.apache.velocity.runtime.directive.Parse
2014-03-30 22:18:56,879 - Loaded System Directive: org.apache.velocity.runtime.directive.Include
2014-03-30 22:18:56,880 - Loaded System Directive: org.apache.velocity.runtime.directive.Foreach
2014-03-30 22:18:56,906 - Created '20' parsers.
2014-03-30 22:18:56,911 - Velocimacro : "velocimacro.library" is not set.  Trying default library: VM_global_library.vm
2014-03-30 22:18:56,912 - Velocimacro : Default library not found.
2014-03-30 22:18:56,912 - Velocimacro : allowInline = true : VMs can be defined inline in templates
2014-03-30 22:18:56,912 - Velocimacro : allowInlineToOverride = false : VMs defined inline may NOT replace previous VM definitions
2014-03-30 22:18:56,912 - Velocimacro : allowInlineLocal = false : VMs defined inline will be global in scope if allowed.
2014-03-30 22:18:56,912 - Velocimacro : autoload off : VM system will not automatically reload global library macros
2014-03-30 22:18:56,921 - ResourceManager : found best_image.question with loader org.apache.velocity.runtime.resource.loader.FileResourceLoader
2014-03-30 22:18:56,927 - Log4JLogChute initialized using file 'velocity.log'
2014-03-30 22:18:56,927 - Log4JLogChute initialized using file 'velocity.log'
2014-03-30 22:18:56,927 - Starting Apache Velocity v1.5 (compiled: 2007-02-22 08:52:29)
2014-03-30 22:18:56,927 - Starting Apache Velocity v1.5 (compiled: 2007-02-22 08:52:29)
2014-03-30 22:18:56,927 - Default Properties File: org/apache/velocity/runtime/defaults/velocity.properties
2014-03-30 22:18:56,927 - Default Properties File: org/apache/velocity/runtime/defaults/velocity.properties
2014-03-30 22:18:56,927 - Trying to use logger class org.apache.velocity.runtime.log.AvalonLogChute
2014-03-30 22:18:56,927 - Trying to use logger class org.apache.velocity.runtime.log.AvalonLogChute
2014-03-30 22:18:56,927 - Couldn't find class org.apache.velocity.runtime.log.AvalonLogChute or necessary supporting classes in classpath.
java.lang.NoClassDefFoundError: org/apache/log/format/Formatter
	at java.lang.Class.forName0(Native Method)
	at java.lang.Class.forName(Class.java:249)
	at org.apache.velocity.util.ClassUtils.getClass(ClassUtils.java:63)
	at org.apache.velocity.util.ClassUtils.getNewInstance(ClassUtils.java:95)
	at org.apache.velocity.runtime.log.LogManager.createLogChute(LogManager.java:147)
	at org.apache.velocity.runtime.log.LogManager.updateLog(LogManager.java:208)
	at org.apache.velocity.runtime.RuntimeInstance.initializeLog(RuntimeInstance.java:728)
	at org.apache.velocity.runtime.RuntimeInstance.init(RuntimeInstance.java:240)
	at org.apache.velocity.runtime.RuntimeSingleton.init(RuntimeSingleton.java:113)
	at org.apache.velocity.app.Velocity.init(Velocity.java:83)
	at com.amazonaws.mturk.util.VelocityUtil.doMerge(VelocityUtil.java:34)
	at com.amazonaws.mturk.addon.HITProperties.getMaxAssignments(HITProperties.java:268)
	at com.amazonaws.mturk.cmd.LoadHITs.loadHITs(LoadHITs.java:226)
	at com.amazonaws.mturk.cmd.LoadHITs.runCommand(LoadHITs.java:120)
	at com.amazonaws.mturk.cmd.AbstractCmd.run(AbstractCmd.java:148)
	at com.amazonaws.mturk.cmd.LoadHITs.main(LoadHITs.java:55)
Caused by: java.lang.ClassNotFoundException: org.apache.log.format.Formatter
	at java.net.URLClassLoader$1.run(URLClassLoader.java:202)
	at java.security.AccessController.doPrivileged(Native Method)
	at java.net.URLClassLoader.findClass(URLClassLoader.java:190)
	at java.lang.ClassLoader.loadClass(ClassLoader.java:306)
	at sun.misc.Launcher$AppClassLoader.loadClass(Launcher.java:301)
	at java.lang.ClassLoader.loadClass(ClassLoader.java:247)
	... 16 more
2014-03-30 22:18:56,927 - Couldn't find class org.apache.velocity.runtime.log.AvalonLogChute or necessary supporting classes in classpath.
java.lang.NoClassDefFoundError: org/apache/log/format/Formatter
	at java.lang.Class.forName0(Native Method)
	at java.lang.Class.forName(Class.java:249)
	at org.apache.velocity.util.ClassUtils.getClass(ClassUtils.java:63)
	at org.apache.velocity.util.ClassUtils.getNewInstance(ClassUtils.java:95)
	at org.apache.velocity.runtime.log.LogManager.createLogChute(LogManager.java:147)
	at org.apache.velocity.runtime.log.LogManager.updateLog(LogManager.java:208)
	at org.apache.velocity.runtime.RuntimeInstance.initializeLog(RuntimeInstance.java:728)
	at org.apache.velocity.runtime.RuntimeInstance.init(RuntimeInstance.java:240)
	at org.apache.velocity.runtime.RuntimeSingleton.init(RuntimeSingleton.java:113)
	at org.apache.velocity.app.Velocity.init(Velocity.java:83)
	at com.amazonaws.mturk.util.VelocityUtil.doMerge(VelocityUtil.java:34)
	at com.amazonaws.mturk.addon.HITProperties.getMaxAssignments(HITProperties.java:268)
	at com.amazonaws.mturk.cmd.LoadHITs.loadHITs(LoadHITs.java:226)
	at com.amazonaws.mturk.cmd.LoadHITs.runCommand(LoadHITs.java:120)
	at com.amazonaws.mturk.cmd.AbstractCmd.run(AbstractCmd.java:148)
	at com.amazonaws.mturk.cmd.LoadHITs.main(LoadHITs.java:55)
Caused by: java.lang.ClassNotFoundException: org.apache.log.format.Formatter
	at java.net.URLClassLoader$1.run(URLClassLoader.java:202)
	at java.security.AccessController.doPrivileged(Native Method)
	at java.net.URLClassLoader.findClass(URLClassLoader.java:190)
	at java.lang.ClassLoader.loadClass(ClassLoader.java:306)
	at sun.misc.Launcher$AppClassLoader.loadClass(Launcher.java:301)
	at java.lang.ClassLoader.loadClass(ClassLoader.java:247)
	... 16 more
2014-03-30 22:18:56,928 - Trying to use logger class org.apache.velocity.runtime.log.Log4JLogChute
2014-03-30 22:18:56,928 - Trying to use logger class org.apache.velocity.runtime.log.Log4JLogChute
2014-03-30 22:18:56,928 - Using logger class org.apache.velocity.runtime.log.Log4JLogChute
2014-03-30 22:18:56,928 - Using logger class org.apache.velocity.runtime.log.Log4JLogChute
2014-03-30 22:18:56,928 - Default ResourceManager initializing. (class org.apache.velocity.runtime.resource.ResourceManagerImpl)
2014-03-30 22:18:56,928 - Default ResourceManager initializing. (class org.apache.velocity.runtime.resource.ResourceManagerImpl)
2014-03-30 22:18:56,928 - ResourceLoader instantiated: org.apache.velocity.runtime.resource.loader.FileResourceLoader
2014-03-30 22:18:56,928 - ResourceLoader instantiated: org.apache.velocity.runtime.resource.loader.FileResourceLoader
2014-03-30 22:18:56,928 - Do unicode file recognition:  false
2014-03-30 22:18:56,928 - Do unicode file recognition:  false
2014-03-30 22:18:56,928 - FileResourceLoader : adding path '.'
2014-03-30 22:18:56,928 - FileResourceLoader : adding path '.'
2014-03-30 22:18:56,928 - ResourceCache: initialized (class org.apache.velocity.runtime.resource.ResourceCacheImpl)
2014-03-30 22:18:56,928 - ResourceCache: initialized (class org.apache.velocity.runtime.resource.ResourceCacheImpl)
2014-03-30 22:18:56,929 - Loaded System Directive: org.apache.velocity.runtime.directive.Literal
2014-03-30 22:18:56,929 - Loaded System Directive: org.apache.velocity.runtime.directive.Literal
2014-03-30 22:18:56,929 - Loaded System Directive: org.apache.velocity.runtime.directive.Macro
2014-03-30 22:18:56,929 - Loaded System Directive: org.apache.velocity.runtime.directive.Macro
2014-03-30 22:18:56,929 - Loaded System Directive: org.apache.velocity.runtime.directive.Parse
2014-03-30 22:18:56,929 - Loaded System Directive: org.apache.velocity.runtime.directive.Parse
2014-03-30 22:18:56,929 - Loaded System Directive: org.apache.velocity.runtime.directive.Include
2014-03-30 22:18:56,929 - Loaded System Directive: org.apache.velocity.runtime.directive.Include
2014-03-30 22:18:56,929 - Loaded System Directive: org.apache.velocity.runtime.directive.Foreach
2014-03-30 22:18:56,929 - Loaded System Directive: org.apache.velocity.runtime.directive.Foreach
2014-03-30 22:18:56,930 - Created '20' parsers.
2014-03-30 22:18:56,930 - Created '20' parsers.
2014-03-30 22:18:56,930 - Velocimacro : "velocimacro.library" is not set.  Trying default library: VM_global_library.vm
2014-03-30 22:18:56,930 - Velocimacro : "velocimacro.library" is not set.  Trying default library: VM_global_library.vm
2014-03-30 22:18:56,931 - Velocimacro : Default library not found.
2014-03-30 22:18:56,931 - Velocimacro : Default library not found.
2014-03-30 22:18:56,931 - Velocimacro : allowInline = true : VMs can be defined inline in templates
2014-03-30 22:18:56,931 - Velocimacro : allowInline = true : VMs can be defined inline in templates
2014-03-30 22:18:56,931 - Velocimacro : allowInlineToOverride = false : VMs defined inline may NOT replace previous VM definitions
2014-03-30 22:18:56,931 - Velocimacro : allowInlineToOverride = false : VMs defined inline may NOT replace previous VM definitions
2014-03-30 22:18:56,931 - Velocimacro : allowInlineLocal = false : VMs defined inline will be global in scope if allowed.
2014-03-30 22:18:56,931 - Velocimacro : allowInlineLocal = false : VMs defined inline will be global in scope if allowed.
2014-03-30 22:18:56,931 - Velocimacro : autoload off : VM system will not automatically reload global library macros
2014-03-30 22:18:56,931 - Velocimacro : autoload off : VM system will not automatically reload global library macros
